[2020-10-27T18:27:00.172Z][INFO]: No classes were found using the provided glob pattern:  "apollo/subscriber/**/*.ts"
[2020-10-27T18:27:00.173Z][INFO]: No classes were found using the provided glob pattern:  "apollo/entity/**/*.ts"
[2020-10-27T18:27:00.174Z][INFO]: No classes were found using the provided glob pattern:  "apollo/migration/**/*.ts"
[2020-10-27T18:27:00.175Z][QUERY]: START TRANSACTION
[2020-10-27T18:27:00.184Z][QUERY]: SELECT * FROM "information_schema"."tables" WHERE "table_schema" = current_schema() AND "table_name" = 'typeorm_metadata'
[2020-10-27T18:27:00.233Z][QUERY]: SELECT * FROM "information_schema"."tables" WHERE "table_schema" = current_schema() AND "table_name" = 'query-result-cache'
[2020-10-27T18:27:00.252Z][QUERY]: CREATE TABLE "query-result-cache" ("id" SERIAL NOT NULL, "identifier" character varying, "time" bigint NOT NULL, "duration" integer NOT NULL, "query" text NOT NULL, "result" text NOT NULL, CONSTRAINT "PK_6a98f758d8bfd010e7e10ffd3d3" PRIMARY KEY ("id"))
[2020-10-27T18:27:00.303Z][QUERY]: COMMIT
[2020-10-27T18:28:54.462Z][INFO]: No classes were found using the provided glob pattern:  "server/src/subscriber/**/*.ts"
[2020-10-27T18:28:54.464Z][INFO]: All classes found using provided glob pattern "server/src/entity/**/*.ts" : "server/src/entity/AbstractBaseEntity.ts,server/src/entity/Article.ts,server/src/entity/Page.ts,server/src/entity/Post.ts,server/src/entity/User.ts"
[2020-10-27T18:28:54.699Z][INFO]: No classes were found using the provided glob pattern:  "server/src/migration/**/*.ts"
[2020-10-27T18:28:54.733Z][QUERY]: START TRANSACTION
[2020-10-27T18:28:54.733Z][QUERY]: SELECT * FROM current_schema()
[2020-10-27T18:28:54.754Z][QUERY]: SELECT * FROM "information_schema"."tables" WHERE ("table_schema" = 'public' AND "table_name" = 'post') OR ("table_schema" = 'public' AND "table_name" = 'user')
[2020-10-27T18:28:54.754Z][QUERY]: SELECT *, ('"' || "udt_schema" || '"."' || "udt_name" || '"')::"regtype" AS "regtype" FROM "information_schema"."columns" WHERE ("table_schema" = 'public' AND "table_name" = 'post') OR ("table_schema" = 'public' AND "table_name" = 'user')
[2020-10-27T18:28:54.754Z][QUERY]: SELECT "ns"."nspname" AS "table_schema", "t"."relname" AS "table_name", "cnst"."conname" AS "constraint_name", pg_get_constraintdef("cnst"."oid") AS "expression", CASE "cnst"."contype" WHEN 'p' THEN 'PRIMARY' WHEN 'u' THEN 'UNIQUE' WHEN 'c' THEN 'CHECK' WHEN 'x' THEN 'EXCLUDE' END AS "constraint_type", "a"."attname" AS "column_name" FROM "pg_constraint" "cnst" INNER JOIN "pg_class" "t" ON "t"."oid" = "cnst"."conrelid" INNER JOIN "pg_namespace" "ns" ON "ns"."oid" = "cnst"."connamespace" LEFT JOIN "pg_attribute" "a" ON "a"."attrelid" = "cnst"."conrelid" AND "a"."attnum" = ANY ("cnst"."conkey") WHERE "t"."relkind" = 'r' AND (("ns"."nspname" = 'public' AND "t"."relname" = 'post') OR ("ns"."nspname" = 'public' AND "t"."relname" = 'user'))
[2020-10-27T18:28:54.755Z][QUERY]: SELECT "ns"."nspname" AS "table_schema", "t"."relname" AS "table_name", "i"."relname" AS "constraint_name", "a"."attname" AS "column_name", CASE "ix"."indisunique" WHEN 't' THEN 'TRUE' ELSE'FALSE' END AS "is_unique", pg_get_expr("ix"."indpred", "ix"."indrelid") AS "condition", "types"."typname" AS "type_name" FROM "pg_class" "t" INNER JOIN "pg_index" "ix" ON "ix"."indrelid" = "t"."oid" INNER JOIN "pg_attribute" "a" ON "a"."attrelid" = "t"."oid"  AND "a"."attnum" = ANY ("ix"."indkey") INNER JOIN "pg_namespace" "ns" ON "ns"."oid" = "t"."relnamespace" INNER JOIN "pg_class" "i" ON "i"."oid" = "ix"."indexrelid" INNER JOIN "pg_type" "types" ON "types"."oid" = "a"."atttypid" LEFT JOIN "pg_constraint" "cnst" ON "cnst"."conname" = "i"."relname" WHERE "t"."relkind" = 'r' AND "cnst"."contype" IS NULL AND (("ns"."nspname" = 'public' AND "t"."relname" = 'post') OR ("ns"."nspname" = 'public' AND "t"."relname" = 'user'))
[2020-10-27T18:28:54.755Z][QUERY]: SELECT "con"."conname" AS "constraint_name", "con"."nspname" AS "table_schema", "con"."relname" AS "table_name", "att2"."attname" AS "column_name", "ns"."nspname" AS "referenced_table_schema", "cl"."relname" AS "referenced_table_name", "att"."attname" AS "referenced_column_name", "con"."confdeltype" AS "on_delete", "con"."confupdtype" AS "on_update", "con"."condeferrable" AS "deferrable", "con"."condeferred" AS "deferred" FROM ( SELECT UNNEST ("con1"."conkey") AS "parent", UNNEST ("con1"."confkey") AS "child", "con1"."confrelid", "con1"."conrelid", "con1"."conname", "con1"."contype", "ns"."nspname", "cl"."relname", "con1"."condeferrable", CASE WHEN "con1"."condeferred" THEN 'INITIALLY DEFERRED' ELSE 'INITIALLY IMMEDIATE' END as condeferred, CASE "con1"."confdeltype" WHEN 'a' THEN 'NO ACTION' WHEN 'r' THEN 'RESTRICT' WHEN 'c' THEN 'CASCADE' WHEN 'n' THEN 'SET NULL' WHEN 'd' THEN 'SET DEFAULT' END as "confdeltype", CASE "con1"."confupdtype" WHEN 'a' THEN 'NO ACTION' WHEN 'r' THEN 'RESTRICT' WHEN 'c' THEN 'CASCADE' WHEN 'n' THEN 'SET NULL' WHEN 'd' THEN 'SET DEFAULT' END as "confupdtype" FROM "pg_class" "cl" INNER JOIN "pg_namespace" "ns" ON "cl"."relnamespace" = "ns"."oid" INNER JOIN "pg_constraint" "con1" ON "con1"."conrelid" = "cl"."oid" WHERE "con1"."contype" = 'f' AND (("ns"."nspname" = 'public' AND "cl"."relname" = 'post') OR ("ns"."nspname" = 'public' AND "cl"."relname" = 'user')) ) "con" INNER JOIN "pg_attribute" "att" ON "att"."attrelid" = "con"."confrelid" AND "att"."attnum" = "con"."child" INNER JOIN "pg_class" "cl" ON "cl"."oid" = "con"."confrelid" INNER JOIN "pg_namespace" "ns" ON "cl"."relnamespace" = "ns"."oid" INNER JOIN "pg_attribute" "att2" ON "att2"."attrelid" = "con"."conrelid" AND "att2"."attnum" = "con"."parent"
[2020-10-27T18:28:54.781Z][QUERY]: SELECT * FROM "information_schema"."tables" WHERE "table_schema" = current_schema() AND "table_name" = 'typeorm_metadata'
[2020-10-27T18:28:54.783Z]creating a new table: post
[2020-10-27T18:28:54.785Z][QUERY]: CREATE TABLE "post" ("_id" uuid NOT NULL DEFAULT uuid_generate_v4(), "createdAt" TIMESTAMP NOT NULL DEFAULT now(), "updatedAt" TIMESTAMP NOT NULL DEFAULT now(), "deletedAt" TIMESTAMP, "content" text, "isHome" boolean, "type" character varying NOT NULL, "author_id" uuid, CONSTRAINT "PK_e4da8286ae74bb02b3856ec85a8" PRIMARY KEY ("_id"))
[2020-10-27T18:28:54.809Z][QUERY]: CREATE INDEX "IDX_b499447822de3f24ad355e19b8" ON "post" ("type") 
[2020-10-27T18:28:54.818Z]creating a new table: user
[2020-10-27T18:28:54.818Z][QUERY]: CREATE TABLE "user" ("_id" uuid NOT NULL DEFAULT uuid_generate_v4(), "createdAt" TIMESTAMP NOT NULL DEFAULT now(), "updatedAt" TIMESTAMP NOT NULL DEFAULT now(), "deletedAt" TIMESTAMP, "firstName" character varying NOT NULL, "lastName" character varying NOT NULL, "username" character varying NOT NULL, "password" character varying NOT NULL, "token" character varying NOT NULL, CONSTRAINT "PK_457bfa3e35350a716846b03102d" PRIMARY KEY ("_id"))
[2020-10-27T18:28:54.828Z]creating a foreign keys: FK_2f1a9ca8908fc8168bc18437f62 on table "post"
[2020-10-27T18:28:54.829Z][QUERY]: ALTER TABLE "post" ADD CONSTRAINT "FK_2f1a9ca8908fc8168bc18437f62" FOREIGN KEY ("author_id") REFERENCES "user"("_id") ON DELETE NO ACTION ON UPDATE NO ACTION
[2020-10-27T18:28:54.856Z][QUERY]: SELECT * FROM "information_schema"."tables" WHERE "table_schema" = current_schema() AND "table_name" = 'query-result-cache'
[2020-10-27T18:28:54.858Z][QUERY]: CREATE TABLE "query-result-cache" ("id" SERIAL NOT NULL, "identifier" character varying, "time" bigint NOT NULL, "duration" integer NOT NULL, "query" text NOT NULL, "result" text NOT NULL, CONSTRAINT "PK_6a98f758d8bfd010e7e10ffd3d3" PRIMARY KEY ("id"))
[2020-10-27T18:28:54.864Z][QUERY]: COMMIT
